{
  "RSpec": {
    "coverage": {
      "/Users/mbutera/projects/book_club/spec/spec_helper.rb": [
        null,
        null,
        null,
        null,
        null,
        null,
        null,
        null,
        null,
        null,
        null,
        null,
        null,
        null,
        null,
        1,
        null,
        null,
        null,
        1,
        null,
        null,
        null,
        null,
        null,
        null,
        null,
        1,
        null,
        null,
        null,
        null,
        1,
        null,
        null,
        null,
        1,
        null,
        null,
        null,
        null,
        null,
        null,
        null,
        1,
        null,
        null,
        null,
        null,
        null,
        null,
        null,
        null,
        null,
        null,
        null,
        null,
        null,
        null,
        null,
        null,
        null,
        null,
        null,
        null,
        null,
        null,
        null,
        null,
        null,
        null,
        null,
        null,
        null,
        null,
        null,
        null,
        null,
        null,
        null,
        null,
        null,
        null,
        null,
        null,
        null,
        null,
        null,
        null,
        null,
        null,
        null,
        null,
        null,
        null,
        null
      ],
      "/Users/mbutera/projects/book_club/config/environment.rb": [
        null,
        1,
        null,
        null,
        1
      ],
      "/Users/mbutera/projects/book_club/config/application.rb": [
        1,
        null,
        1,
        null,
        1,
        1,
        1,
        1,
        1,
        1,
        1,
        1,
        1,
        null,
        null,
        null,
        null,
        1,
        null,
        1,
        1,
        null,
        1,
        null,
        null,
        null,
        null,
        null,
        null,
        null,
        1,
        null,
        null
      ],
      "/Users/mbutera/projects/book_club/config/boot.rb": [
        1,
        null,
        1,
        1
      ],
      "/Users/mbutera/projects/book_club/config/environments/test.rb": [
        1,
        null,
        null,
        null,
        null,
        null,
        null,
        1,
        null,
        null,
        null,
        null,
        1,
        null,
        null,
        1,
        1,
        null,
        null,
        null,
        null,
        1,
        1,
        null,
        null,
        1,
        null,
        null,
        1,
        null,
        null,
        1,
        null,
        1,
        null,
        null,
        null,
        null,
        1,
        null,
        null,
        1,
        null,
        null,
        null,
        null
      ],
      "/Users/mbutera/projects/book_club/config/initializers/application_controller_renderer.rb": [
        null,
        null,
        null,
        null,
        null,
        null,
        null,
        null
      ],
      "/Users/mbutera/projects/book_club/config/initializers/assets.rb": [
        null,
        null,
        null,
        1,
        null,
        null,
        null,
        null,
        1,
        null,
        null,
        null,
        null,
        null
      ],
      "/Users/mbutera/projects/book_club/config/initializers/backtrace_silencers.rb": [
        null,
        null,
        null,
        null,
        null,
        null,
        null
      ],
      "/Users/mbutera/projects/book_club/config/initializers/content_security_policy.rb": [
        null,
        null,
        null,
        null,
        null,
        null,
        null,
        null,
        null,
        null,
        null,
        null,
        null,
        null,
        null,
        null,
        null,
        null,
        null,
        null,
        null,
        null,
        null,
        null,
        null
      ],
      "/Users/mbutera/projects/book_club/config/initializers/cookies_serializer.rb": [
        null,
        null,
        null,
        null,
        1
      ],
      "/Users/mbutera/projects/book_club/config/initializers/devise.rb": [
        null,
        null,
        null,
        null,
        1,
        null,
        null,
        null,
        null,
        null,
        null,
        null,
        null,
        null,
        null,
        null,
        null,
        null,
        null,
        null,
        1,
        null,
        null,
        null,
        null,
        null,
        null,
        null,
        null,
        null,
        null,
        1,
        null,
        null,
        null,
        null,
        null,
        null,
        null,
        null,
        null,
        null,
        null,
        null,
        null,
        null,
        null,
        null,
        null,
        null,
        null,
        null,
        null,
        1,
        null,
        null,
        null,
        null,
        1,
        null,
        null,
        null,
        null,
        null,
        null,
        null,
        null,
        null,
        null,
        null,
        null,
        null,
        null,
        null,
        null,
        null,
        null,
        null,
        null,
        null,
        null,
        null,
        null,
        null,
        null,
        null,
        null,
        null,
        null,
        1,
        null,
        null,
        null,
        null,
        null,
        null,
        null,
        null,
        null,
        null,
        null,
        null,
        null,
        null,
        null,
        null,
        null,
        null,
        null,
        null,
        null,
        null,
        1,
        null,
        null,
        null,
        null,
        null,
        null,
        null,
        null,
        null,
        null,
        null,
        null,
        null,
        null,
        null,
        null,
        null,
        null,
        null,
        null,
        null,
        null,
        null,
        null,
        null,
        null,
        null,
        null,
        null,
        null,
        null,
        null,
        null,
        1,
        null,
        null,
        null,
        null,
        null,
        null,
        null,
        null,
        null,
        1,
        null,
        null,
        null,
        null,
        null,
        null,
        null,
        null,
        null,
        null,
        1,
        null,
        null,
        null,
        null,
        1,
        null,
        null,
        null,
        null,
        null,
        null,
        null,
        null,
        null,
        null,
        null,
        null,
        null,
        null,
        null,
        null,
        null,
        null,
        null,
        null,
        null,
        null,
        null,
        null,
        null,
        null,
        null,
        null,
        null,
        null,
        null,
        null,
        null,
        null,
        null,
        null,
        null,
        null,
        null,
        null,
        1,
        null,
        null,
        null,
        null,
        null,
        null,
        null,
        null,
        null,
        null,
        null,
        null,
        null,
        null,
        null,
        null,
        null,
        null,
        null,
        null,
        null,
        null,
        null,
        null,
        null,
        null,
        null,
        null,
        null,
        null,
        null,
        null,
        null,
        null,
        null,
        null,
        null,
        null,
        null,
        null,
        null,
        1,
        null,
        null,
        null,
        null,
        null,
        null,
        null,
        null,
        null,
        null,
        null,
        null,
        null,
        null,
        null,
        null,
        null,
        null,
        null,
        null,
        null,
        null,
        null,
        null,
        null,
        null,
        null,
        null,
        null,
        null,
        null,
        null,
        null,
        null,
        null,
        null,
        null,
        null,
        null,
        null,
        null,
        null
      ],
      "/Users/mbutera/projects/book_club/config/initializers/filter_parameter_logging.rb": [
        null,
        null,
        null,
        1
      ],
      "/Users/mbutera/projects/book_club/config/initializers/inflections.rb": [
        null,
        null,
        null,
        null,
        null,
        null,
        null,
        null,
        null,
        null,
        null,
        null,
        null,
        null,
        null,
        null
      ],
      "/Users/mbutera/projects/book_club/config/initializers/mime_types.rb": [
        null,
        null,
        null,
        null
      ],
      "/Users/mbutera/projects/book_club/config/initializers/wrap_parameters.rb": [
        null,
        null,
        null,
        null,
        null,
        null,
        1,
        2,
        null,
        null,
        null,
        null,
        null,
        null
      ],
      "/Users/mbutera/projects/book_club/spec/factories/authors.rb": [
        1,
        1,
        3,
        null,
        null
      ],
      "/Users/mbutera/projects/book_club/spec/factories/authors_books.rb": [
        1,
        1,
        2,
        2,
        null,
        null
      ],
      "/Users/mbutera/projects/book_club/spec/factories/books.rb": [
        1,
        1,
        16,
        16,
        16,
        null,
        null
      ],
      "/Users/mbutera/projects/book_club/config/routes.rb": [
        1,
        1,
        1,
        null
      ],
      "/Users/mbutera/projects/book_club/app/helpers/application_helper.rb": [
        1,
        1,
        0,
        0,
        0,
        0,
        0,
        null,
        null,
        null
      ],
      "/Users/mbutera/projects/book_club/spec/support/factory_bot.rb": [
        1,
        1,
        null
      ],
      "/Users/mbutera/projects/book_club/spec/support/database_cleaner.rb": [
        1,
        1,
        null,
        1,
        1,
        null,
        1,
        null,
        null,
        null,
        1,
        11,
        null,
        null,
        1,
        0,
        null,
        null,
        1,
        11,
        null,
        null,
        1,
        11,
        null,
        null
      ],
      "/Users/mbutera/projects/book_club/spec/features/books/books_index_spec.rb": [
        1,
        1,
        1,
        1,
        null,
        null,
        1,
        1,
        1,
        null,
        1,
        1,
        null,
        null
      ],
      "/Users/mbutera/projects/book_club/spec/models/author_spec.rb": [
        1,
        2,
        2,
        2,
        null
      ],
      "/Users/mbutera/projects/book_club/app/models/author.rb": [
        1,
        1,
        1,
        1,
        null
      ],
      "/Users/mbutera/projects/book_club/app/models/application_record.rb": [
        1,
        1,
        null
      ],
      "/Users/mbutera/projects/book_club/spec/models/authors_book_spec.rb": [
        1,
        2,
        2,
        null
      ],
      "/Users/mbutera/projects/book_club/app/models/authors_book.rb": [
        1,
        1,
        1,
        null
      ],
      "/Users/mbutera/projects/book_club/spec/models/book_spec.rb": [
        1,
        2,
        2,
        2,
        2,
        2,
        null
      ],
      "/Users/mbutera/projects/book_club/app/models/book.rb": [
        1,
        1,
        1,
        1,
        null
      ],
      "/Users/mbutera/projects/book_club/app/controllers/books_controller.rb": [
        1,
        1,
        1,
        null,
        null
      ],
      "/Users/mbutera/projects/book_club/app/controllers/application_controller.rb": [
        1,
        null
      ]
    },
    "timestamp": 1555600787
  }
}
